Time resolution is 1 ps
Warning: *** Warning: The analog data file for XADC was not found. Use the SIM_MONITOR_FILE generic to specify the input analog data file name or use default name: design.txt. 
Time: 0 ps  Iteration: 0  Process: /ParCoGli_Test/aparato/uut/U0/READFILE_P  File: C:/Xilinx2021/Vivado/2021.2/data/vhdl/src/unisims/primitive/XADC.vhd
Failure: DRC Error : DEN is high for more than 1 DCLK.
Time: 3 ns  Iteration: 2  Process: /ParCoGli_Test/aparato/uut/U0/drp_monitor  File: C:/Xilinx2021/Vivado/2021.2/data/vhdl/src/unisims/primitive/XADC.vhd
$finish called at time : 3 ns
Failure: DRC Error :  DEN is enabled before DRDY returns.
Time: 3 ns  Iteration: 2  Process: /ParCoGli_Test/aparato/uut/U0/drp_monitor  File: C:/Xilinx2021/Vivado/2021.2/data/vhdl/src/unisims/primitive/XADC.vhd
$finish called at time : 3 ns
Failure: DRC Error : DEN is high for more than 1 DCLK.
Time: 5 ns  Iteration: 2  Process: /ParCoGli_Test/aparato/uut/U0/drp_monitor  File: C:/Xilinx2021/Vivado/2021.2/data/vhdl/src/unisims/primitive/XADC.vhd
$finish called at time : 5 ns
Failure: DRC Error :  DEN is enabled before DRDY returns.
Time: 5 ns  Iteration: 2  Process: /ParCoGli_Test/aparato/uut/U0/drp_monitor  File: C:/Xilinx2021/Vivado/2021.2/data/vhdl/src/unisims/primitive/XADC.vhd
$finish called at time : 5 ns
Failure: DRC Error : DEN is high for more than 1 DCLK.
Time: 7 ns  Iteration: 2  Process: /ParCoGli_Test/aparato/uut/U0/drp_monitor  File: C:/Xilinx2021/Vivado/2021.2/data/vhdl/src/unisims/primitive/XADC.vhd
$finish called at time : 7 ns
Failure: DRC Error :  DEN is enabled before DRDY returns.
Time: 7 ns  Iteration: 2  Process: /ParCoGli_Test/aparato/uut/U0/drp_monitor  File: C:/Xilinx2021/Vivado/2021.2/data/vhdl/src/unisims/primitive/XADC.vhd
$finish called at time : 7 ns
Failure: DRC Error : DEN is high for more than 1 DCLK.
Time: 9 ns  Iteration: 2  Process: /ParCoGli_Test/aparato/uut/U0/drp_monitor  File: C:/Xilinx2021/Vivado/2021.2/data/vhdl/src/unisims/primitive/XADC.vhd
$finish called at time : 9 ns
Failure: DRC Error : DEN is high for more than 1 DCLK.
Time: 11 ns  Iteration: 2  Process: /ParCoGli_Test/aparato/uut/U0/drp_monitor  File: C:/Xilinx2021/Vivado/2021.2/data/vhdl/src/unisims/primitive/XADC.vhd
$finish called at time : 11 ns
Failure: DRC Error :  DEN is enabled before DRDY returns.
Time: 11 ns  Iteration: 2  Process: /ParCoGli_Test/aparato/uut/U0/drp_monitor  File: C:/Xilinx2021/Vivado/2021.2/data/vhdl/src/unisims/primitive/XADC.vhd
$finish called at time : 11 ns
Failure: DRC Error : DEN is high for more than 1 DCLK.
Time: 13 ns  Iteration: 2  Process: /ParCoGli_Test/aparato/uut/U0/drp_monitor  File: C:/Xilinx2021/Vivado/2021.2/data/vhdl/src/unisims/primitive/XADC.vhd
$finish called at time : 13 ns
Failure: DRC Error :  DEN is enabled before DRDY returns.
Time: 13 ns  Iteration: 2  Process: /ParCoGli_Test/aparato/uut/U0/drp_monitor  File: C:/Xilinx2021/Vivado/2021.2/data/vhdl/src/unisims/primitive/XADC.vhd
$finish called at time : 13 ns
Failure: DRC Error : DEN is high for more than 1 DCLK.
Time: 15 ns  Iteration: 2  Process: /ParCoGli_Test/aparato/uut/U0/drp_monitor  File: C:/Xilinx2021/Vivado/2021.2/data/vhdl/src/unisims/primitive/XADC.vhd
$finish called at time : 15 ns
Failure: DRC Error :  DEN is enabled before DRDY returns.
Time: 15 ns  Iteration: 2  Process: /ParCoGli_Test/aparato/uut/U0/drp_monitor  File: C:/Xilinx2021/Vivado/2021.2/data/vhdl/src/unisims/primitive/XADC.vhd
$finish called at time : 15 ns
Failure: DRC Error : DEN is high for more than 1 DCLK.
Time: 17 ns  Iteration: 2  Process: /ParCoGli_Test/aparato/uut/U0/drp_monitor  File: C:/Xilinx2021/Vivado/2021.2/data/vhdl/src/unisims/primitive/XADC.vhd
$finish called at time : 17 ns
Failure: DRC Error :  DEN is enabled before DRDY returns.
Time: 17 ns  Iteration: 2  Process: /ParCoGli_Test/aparato/uut/U0/drp_monitor  File: C:/Xilinx2021/Vivado/2021.2/data/vhdl/src/unisims/primitive/XADC.vhd
$finish called at time : 17 ns
Failure: DRC Error : DEN is high for more than 1 DCLK.
Time: 19 ns  Iteration: 2  Process: /ParCoGli_Test/aparato/uut/U0/drp_monitor  Fi