
*** Running vivado
    with args -log ParCoGli.vds -m64 -product Vivado -mode batch -messageDb vivado.pb -notrace -source ParCoGli.tcl



****** Vivado v2021.2 (64-bit)
  **** SW Build 3367213 on Tue Oct 19 02:48:09 MDT 2021
  **** IP Build 3369179 on Thu Oct 21 08:25:16 MDT 2021
    ** Copyright 1986-2021 Xilinx, Inc. All Rights Reserved.

source ParCoGli.tcl -notrace
Command: read_checkpoint -auto_incremental -incremental C:/PracticasVHDL/github/PHR/Version3/PFA/ParCoGli/ParCoGli.srcs/utils_1/imports/synth_1/ParCoGli.dcp
INFO: [Vivado 12-5825] Read reference checkpoint from C:/PracticasVHDL/github/PHR/Version3/PFA/ParCoGli/ParCoGli.srcs/utils_1/imports/synth_1/ParCoGli.dcp for incremental synthesis
INFO: [Vivado 12-7989] Please ensure there are no constraint changes
Command: synth_design -top ParCoGli -part xc7a35tcpg236-1
Starting synth_design
Attempting to get a license for feature 'Synthesis' and/or device 'xc7a35t'
INFO: [Common 17-349] Got license for feature 'Synthesis' and/or device 'xc7a35t'
INFO: [Device 21-403] Loading part xc7a35tcpg236-1
WARNING: [Designutils 20-4072] Reference run did not run incremental synthesis because the design is too small; reverting to default synthesis
INFO: [Designutils 20-4379] Flow is switching to default flow due to incremental criteria not met. If you would like to alter this behaviour and have the flow terminate instead, please set the following parameter config_implementation {autoIncr.Synth.RejectBehavior Terminate}
INFO: [Synth 8-7079] Multithreading enabled for synth_design using a maximum of 2 processes.
INFO: [Synth 8-7078] Launching helper process for spawning children vivado processes
INFO: [Synth 8-7075] Helper process launched with PID 20264
---------------------------------------------------------------------------------
Starting RTL Elaboration : Time (s): cpu = 00:00:05 ; elapsed = 00:00:05 . Memory (MB): peak = 1254.602 ; gain = 0.000
---------------------------------------------------------------------------------
INFO: [Synth 8-638] synthesizing module 'ParCoGli' [C:/PracticasVHDL/github/PHR/Version3/PFA/ParCoGli/ParCoGli.srcs/sources_1/new/ParCoGli.vhd:47]
INFO: [Synth 8-3491] module 'xadc_wiz_0' declared at 'C:/PracticasVHDL/github/PHR/Version3/PFA/ParCoGli/ParCoGli.runs/synth_1/.Xil/Vivado-3572-LAPTOP-9GJB53N6/realtime/xadc_wiz_0_stub.vhdl:5' bound to instance 'uut' of component 'xadc_wiz_0' [C:/PracticasVHDL/github/PHR/Version3/PFA/ParCoGli/ParCoGli.srcs/sources_1/new/ParCoGli.vhd:152]
INFO: [Synth 8-638] synthesizing module 'xadc_wiz_0' [C:/PracticasVHDL/github/PHR/Version3/PFA/ParCoGli/ParCoGli.runs/synth_1/.Xil/Vivado-3572-LAPTOP-9GJB53N6/realtime/xadc_wiz_0_stub.vhdl:30]
	Parameter N bound to: 12 - type: integer 
INFO: [Synth 8-3491] module 'Comp_N_Reu' declared at 'C:/PracticasVHDL/github/PHR/Version3/PFA/ParCoGli/ParCoGli.srcs/sources_1/new/Comp_N_Reu.vhd:24' bound to instance 'CHipo' of component 'Comp_N' [C:/PracticasVHDL/github/PHR/Version3/PFA/ParCoGli/ParCoGli.srcs/sources_1/new/ParCoGli.vhd:172]
INFO: [Synth 8-638] synthesizing module 'Comp_N_Reu' [C:/PracticasVHDL/github/PHR/Version3/PFA/ParCoGli/ParCoGli.srcs/sources_1/new/Comp_N_Reu.vhd:29]
	Parameter N bound to: 12 - type: integer 
INFO: [Synth 8-3491] module 'Comp_1' declared at 'C:/PracticasVHDL/github/PHR/Version3/PFA/ParCoGli/ParCoGli.srcs/sources_1/new/Comp_1.vhd:34' bound to instance 'C_ini' of component 'Comp_1' [C:/PracticasVHDL/github/PHR/Version3/PFA/ParCoGli/ParCoGli.srcs/sources_1/new/Comp_N_Reu.vhd:41]
INFO: [Synth 8-638] synthesizing module 'Comp_1' [C:/PracticasVHDL/github/PHR/Version3/PFA/ParCoGli/ParCoGli.srcs/sources_1/new/Comp_1.vhd:38]
INFO: [Synth 8-256] done synthesizing module 'Comp_1' (1#1) [C:/PracticasVHDL/github/PHR/Version3/PFA/ParCoGli/ParCoGli.srcs/sources_1/new/Comp_1.vhd:38]
INFO: [Synth 8-3491] module 'Comp_1' declared at 'C:/PracticasVHDL/github/PHR/Version3/PFA/ParCoGli/ParCoGli.srcs/sources_1/new/Comp_1.vhd:34' bound to instance 'C_int' of component 'Comp_1' [C:/PracticasVHDL/github/PHR/Version3/PFA/ParCoGli/ParCoGli.srcs/sources_1/new/Comp_N_Reu.vhd:44]
INFO: [Synth 8-3491] module 'Comp_1' declared at 'C:/PracticasVHDL/github/PHR/Version3/PFA/ParCoGli/ParCoGli.srcs/sources_1/new/Comp_1.vhd:34' bound to instance 'C_int' of component 'Comp_1' [C:/PracticasVHDL/github/PHR/Version3/PFA/ParCoGli/ParCoGli.srcs/sources_1/new/Comp_N_Reu.vhd:44]
INFO: [Synth 8-3491] module 'Comp_1' declared at 'C:/PracticasVHDL/github/PHR/Version3/PFA/ParCoGli/ParCoGli.srcs/sources_1/new/Comp_1.vhd:34' bound to instance 'C_int' of component 'Comp_1' [C:/PracticasVHDL/github/PHR/Version3/PFA/ParCoGli/ParCoGli.srcs/sources_1/new/Comp_N_Reu.vhd:44]
INFO: [Synth 8-3491] module 'Comp_1' declared at 'C:/PracticasVHDL/github/PHR/Version3/PFA/ParCoGli/ParCoGli.srcs/sources_1/new/Comp_1.vhd:34' bound to instance 'C_int' of component 'Comp_1' [C:/PracticasVHDL/github/PHR/Version3/PFA/ParCoGli/ParCoGli.srcs/sources_1/new/Comp_N_Reu.vhd:44]
INFO: [Synth 8-3491] module 'Comp_1' declared at 'C:/PracticasVHDL/github/PHR/Version3/PFA/ParCoGli/ParCoGli.srcs/sources_1/new/Comp_1.vhd:34' bound to instance 'C_int' of component 'Comp_1' [C:/PracticasVHDL/github/PHR/Version3/PFA/ParCoGli/ParCoGli.srcs/sources_1/new/Comp_N_Reu.vhd:44]
INFO: [Synth 8-3491] module 'Comp_1' declared at 'C:/PracticasVHDL/github/PHR/Version3/PFA/ParCoGli/ParCoGli.srcs/sources_1/new/Comp_1.vhd:34' bound to instance 'C_int' of component 'Comp_1' [C:/PracticasVHDL/github/PHR/Version3/PFA/ParCoGli/ParCoGli.srcs/sources_1/new/Comp_N_Reu.vhd:44]
INFO: [Synth 8-3491] module 'Comp_1' declared at 'C:/PracticasVHDL/github/PHR/Version3/PFA/ParCoGli/ParCoGli.srcs/sources_1/new/Comp_1.vhd:34' bound to instance 'C_int' of component 'Comp_1' [C:/PracticasVHDL/github/PHR/Version3/PFA/ParCoGli/ParCoGli.srcs/sources_1/new/Comp_N_Reu.vhd:44]
INFO: [Synth 8-3491] module 'Comp_1' declared at 'C:/PracticasVHDL/github/PHR/Version3/PFA/ParCoGli/ParCoGli.srcs/sources_1/new/Comp_1.vhd:34' bound to instance 'C_int' of component 'Comp_1' [C:/PracticasVHDL/github/PHR/Version3/PFA/ParCoGli/ParCoGli.srcs/sources_1/new/Comp_N_Reu.vhd:44]
INFO: [Synth 8-3491] module 'Comp_1' declared at 'C:/PracticasVHDL/github/PHR/Version3/PFA/ParCoGli/ParCoGli.srcs/sources_1/new/Comp_1.vhd:34' bound to instance 'C_int' of component 'Comp_1' [C:/PracticasVHDL/github/PHR/Version3/PFA/ParCoGli/ParCoGli.srcs/sources_1/new/Comp_N_Reu.vhd:44]
INFO: [Synth 8-3491] module 'Comp_1' declared at 'C:/PracticasVHDL/github/PHR/Version3/PFA/ParCoGli/ParCoGli.srcs/sources_1/new/Comp_1.vhd:34' bound to instance 'C_int' of component 'Comp_1' [C:/PracticasVHDL/github/PHR/Version3/PFA/ParCoGli/ParCoGli.srcs/sources_1/new/Comp_N_Reu.vhd:44]
INFO: [Synth 8-3491] module 'Comp_1' declared at 'C:/PracticasVHDL/github/PHR/Version3/PFA/ParCoGli/ParCoGli.srcs/sources_1/new/Comp_1.vhd:34' bound to instance 'C_fin' of component 'Comp_1' [C:/PracticasVHDL/github/PHR/Version3/PFA/ParCoGli/ParCoGli.srcs/sources_1/new/Comp_N_Reu.vhd:47]
INFO: [Synth 8-256] done synthesizing module 'Comp_N_Reu' (2#1) [C:/PracticasVHDL/github/PHR/Version3/PFA/ParCoGli/ParCoGli.srcs/sources_1/new/Comp_N_Reu.vhd:29]
	Parameter N bound to: 12 - type: integer 
INFO: [Synth 8-3491] module 'Comp_N_Reu' declared at 'C:/PracticasVHDL/github/PHR/Version3/PFA/ParCoGli/ParCoGli.srcs/sources_1/new/Comp_N_Reu.vhd:24' bound to instance 'CHiper' of component 'Comp_N' [C:/PracticasVHDL/github/PHR/Version3/PFA/ParCoGli/ParCoGli.srcs/sources_1/new/ParCoGli.vhd:173]
	Parameter N bound to: 12 - type: integer 
INFO: [Synth 8-3491] module 'Comp_N_Reu' declared at 'C:/PracticasVHDL/github/PHR/Version3/PFA/ParCoGli/ParCoGli.srcs/sources_1/new/Comp_N_Reu.vhd:24' bound to instance 'CInsulinaLetal' of component 'Comp_N' [C:/PracticasVHDL/github/PHR/Version3/PFA/ParCoGli/ParCoGli.srcs/sources_1/new/ParCoGli.vhd:174]
INFO: [Synth 8-3491] module 'encendedorBuzzy' declared at 'C:/PracticasVHDL/github/PHR/Version3/PFA/ParCoGli/ParCoGli.srcs/sources_1/new/encendedorBuzzy.vhd:27' bound to instance 'Buzzy' of component 'encendedorBuzzy' [C:/PracticasVHDL/github/PHR/Version3/PFA/ParCoGli/ParCoGli.srcs/sources_1/new/ParCoGli.vhd:175]
INFO: [Synth 8-638] synthesizing module 'encendedorBuzzy' [C:/PracticasVHDL/github/PHR/Version3/PFA/ParCoGli/ParCoGli.srcs/sources_1/new/encendedorBuzzy.vhd:37]
WARNING: [Synth 8-614] signal 'buzz_int' is read in the process but is not in the sensitivity list [C:/PracticasVHDL/github/PHR/Version3/PFA/ParCoGli/ParCoGli.srcs/sources_1/new/encendedorBuzzy.vhd:44]
INFO: [Synth 8-256] done synthesizing module 'encendedorBuzzy' (3#1) [C:/PracticasVHDL/github/PHR/Version3/PFA/ParCoGli/ParCoGli.srcs/sources_1/new/encendedorBuzzy.vhd:37]
INFO: [Synth 8-3491] module 'inyector' declared at 'C:/PracticasVHDL/github/PHR/Version3/PFA/ParCoGli/ParCoGli.srcs/sources_1/new/inyector.vhd:27' bound to instance 'InyectorbombaInsGlargina' of component 'inyector' [C:/PracticasVHDL/github/PHR/Version3/PFA/ParCoGli/ParCoGli.srcs/sources_1/new/ParCoGli.vhd:176]
INFO: [Synth 8-638] synthesizing module 'inyector' [C:/PracticasVHDL/github/PHR/Version3/PFA/ParCoGli/ParCoGli.srcs/sources_1/new/inyector.vhd:34]
INFO: [Synth 8-256] done synthesizing module 'inyector' (4#1) [C:/PracticasVHDL/github/PHR/Version3/PFA/ParCoGli/ParCoGli.srcs/sources_1/new/inyector.vhd:34]
INFO: [Synth 8-3491] module 'inyector' declared at 'C:/PracticasVHDL/github/PHR/Version3/PFA/ParCoGli/ParCoGli.srcs/sources_1/new/inyector.vhd:27' bound to instance 'InyectorbombaInsLispro' of component 'inyector' [C:/PracticasVHDL/github/PHR/Version3/PFA/ParCoGli/ParCoGli.srcs/sources_1/new/ParCoGli.vhd:177]
INFO: [Synth 8-3491] module 'inyector' declared at 'C:/PracticasVHDL/github/PHR/Version3/PFA/ParCoGli/ParCoGli.srcs/sources_1/new/inyector.vhd:27' bound to instance 'InyectorGlucosa' of component 'inyector' [C:/PracticasVHDL/github/PHR/Version3/PFA/ParCoGli/ParCoGli.srcs/sources_1/new/ParCoGli.vhd:178]
INFO: [Synth 8-226] default block is never used [C:/PracticasVHDL/github/PHR/Version3/PFA/ParCoGli/ParCoGli.srcs/sources_1/new/ParCoGli.vhd:185]
WARNING: [Synth 8-614] signal 'ledRGBint' is read in the process but is not in the sensitivity list [C:/PracticasVHDL/github/PHR/Version3/PFA/ParCoGli/ParCoGli.srcs/sources_1/new/ParCoGli.vhd:181]
WARNING: [Synth 8-614] signal 'e16daddr_in' is read in the process but is not in the sensitivity list [C:/PracticasVHDL/github/PHR/Version3/PFA/ParCoGli/ParCoGli.srcs/sources_1/new/ParCoGli.vhd:283]
WARNING: [Synth 8-614] signal 'resultado_int' is read in the process but is not in the sensitivity list [C:/PracticasVHDL/github/PHR/Version3/PFA/ParCoGli/ParCoGli.srcs/sources_1/new/ParCoGli.vhd:283]
WARNING: [Synth 8-614] signal 'e1Edaddr_in' is read in the process but is not in the sensitivity list [C:/PracticasVHDL/github/PHR/Version3/PFA/ParCoGli/ParCoGli.srcs/sources_1/new/ParCoGli.vhd:283]
WARNING: [Synth 8-614] signal 'nivelGlucemico' is read in the process but is not in the sensitivity list [C:/PracticasVHDL/github/PHR/Version3/PFA/ParCoGli/ParCoGli.srcs/sources_1/new/ParCoGli.vhd:297]
WARNING: [Synth 8-614] signal 'L' is read in the process but is not in the sensitivity list [C:/PracticasVHDL/github/PHR/Version3/PFA/ParCoGli/ParCoGli.srcs/sources_1/new/ParCoGli.vhd:297]
WARNING: [Synth 8-614] signal 'L2' is read in the process but is not in the sensitivity list [C:/PracticasVHDL/github/PHR/Version3/PFA/ParCoGli/ParCoGli.srcs/sources_1/new/ParCoGli.vhd:297]
WARNING: [Synth 8-614] signal 'variableConfigESP' is read in the process but is not in the sensitivity list [C:/PracticasVHDL/github/PHR/Version3/PFA/ParCoGli/ParCoGli.srcs/sources_1/new/ParCoGli.vhd:314]
INFO: [Synth 8-256] done synthesizing module 'ParCoGli' (5#1) [C:/PracticasVHDL/github/PHR/Version3/PFA/ParCoGli/ParCoGli.srcs/sources_1/new/ParCoGli.vhd:47]
WARNING: [Synth 8-7129] Port datAdicionales in module ParCoGli is either unconnected or has no load
---------------------------------------------------------------------------------
Finished RTL Elaboration : Time (s): cpu = 00:00:06 ; elapsed = 00:00:07 . Memory (MB): peak = 1254.602 ; gain = 0.000
---------------------------------------------------------------------------------
---------------------------------------------------------------------------------
Start Handling Custom Attributes
---------------------------------------------------------------------------------
---------------------------------------------------------------------------------
Finished Handling Custom Attributes : Time (s): cpu = 00:00:07 ; elapsed = 00:00:08 . Memory (MB): peak = 1254.602 ; gain = 0.000
---------------------------------------------------------------------------------
---------------------------------------------------------------------------------
Finished RTL Optimization Phase 1 : Time (s): cpu = 00:00:07 ; elapsed = 00:00:08 . Memory (MB): peak = 1254.602 ; gain = 0.000
---------------------------------------------------------------------------------
Netlist sorting complete. Time (s): cpu = 00:00:00 ; elapsed = 00:00:00.012 . Memory (MB): peak = 1254.602 ; gain = 0.000
INFO: [Project 1-570] Preparing netlist for logic optimization

Processing XDC Constraints
Initializing timing engine
Parsing XDC File [c:/PracticasVHDL/github/PHR/Version3/PFA/ParCoGli/ParCoGli.gen/sources_1/ip/xadc_wiz_0/xadc_wiz_0/xadc_wiz_0_in_context.xdc] for cell 'uut'
Finished Parsing XDC File [c:/PracticasVHDL/github/PHR/Version3/PFA/ParCoGli/ParCoGli.gen/sources_1/ip/xadc_wiz_0/xadc_wiz_0/xadc_wiz_0_in_context.xdc] for cell 'uut'
Parsing XDC File [C:/PracticasVHDL/github/PHR/Version3/PFA/ParCoGli/ParCoGli.srcs/constrs_1/imports/Tutorial/Basys3_Master.xdc]
Finished Parsing XDC File [C:/PracticasVHDL/github/PHR/Version3/PFA/ParCoGli/ParCoGli.srcs/constrs_1/imports/Tutorial/Basys3_Master.xdc]
INFO: [Project 1-236] Implementation specific constraints were found while reading constraint file [C:/PracticasVHDL/github/PHR/Version3/PFA/ParCoGli/ParCoGli.srcs/constrs_1/imports/Tutorial/Basys3_Master.xdc]. These constraints will be ignored for synthesis but will be used in implementation. Impacted constraints are listed in the file [.Xil/ParCoGli_propImpl.xdc].
Resolution: To avoid this warning, move constraints listed in [.Xil/ParCoGli_propImpl.xdc] to another XDC file and exclude this new file from synthesis with the used_in_synthesis property (File Properties dialog in GUI) and re-run elaboration/synthesis.
Completed Processing XDC Constraints

Netlist sorting complete. Time (s): cpu = 00:00:00 ; elapsed = 00:00:00.001 . Memory (MB): peak = 1263.996 ; gain = 0.000
INFO: [Project 1-111] Unisim Transformation Summary:
No Unisim elements were transformed.

Constraint Validation Runtime : Time (s): cpu = 00:00:00 ; elapsed = 00:00:00.005 . Memory (MB): peak = 1263.996 ; gain = 0.000
WARNING: [Designutils 20-4072] Reference run did not run incremental synthesis because the design is too small; reverting to default synthesis
INFO: [Designutils 20-4379] Flow is switching to default flow due to incremental criteria not met. If you would like to alter this behaviour and have the flow terminate instead, please set the following parameter config_implementation {autoIncr.Synth.RejectBehavior Terminate}
---------------------------------------------------------------------------------
Finished Constraint Validation : Time (s): cpu = 00:00:15 ; elapsed = 00:00:15 . Memory (MB): peak = 1263.996 ; gain = 9.395
---------------------------------------------------------------------------------
---------------------------------------------------------------------------------
Start Loading Part and Timing Information
---------------------------------------------------------------------------------
Loading part: xc7a35tcpg236-1
---------------------------------------------------------------------------------
Finished Loading Part and Timing Information : Time (s): cpu = 00:00:15 ; elapsed = 00:00:15 . Memory (MB): peak = 1263.996 ; gain = 9.395
---------------------------------------------------------------------------------
---------------------------------------------------------------------------------
Start Applying 'set_property' XDC Constraints
---------------------------------------------------------------------------------
Applied set_property KEEP_HIERARCHY = SOFT for uut. (constraint file  auto generated constraint).
---------------------------------------------------------------------------------
Finished applying 'set_property' XDC Constraints : Time (s): cpu = 00:00:15 ; elapsed = 00:00:15 . Memory (MB): peak = 1263.996 ; gain = 9.395
---------------------------------------------------------------------------------
WARNING: [Synth 8-327] inferring latch for variable 'nivelGlucemico_reg' [C:/PracticasVHDL/github/PHR/Version3/PFA/ParCoGli/ParCoGli.srcs/sources_1/new/ParCoGli.vhd:175]
WARNING: [Synth 8-327] inferring latch for variable 'nivelGlucemicoPrevio_reg' [C:/PracticasVHDL/github/PHR/Version3/PFA/ParCoGli/ParCoGli.srcs/sources_1/new/ParCoGli.vhd:231]
WARNING: [Synth 8-327] inferring latch for variable 'nivelInsulina_reg' [C:/PracticasVHDL/github/PHR/Version3/PFA/ParCoGli/ParCoGli.srcs/sources_1/new/ParCoGli.vhd:174]
WARNING: [Synth 8-327] inferring latch for variable 'nivelGlucosa_reg' [C:/PracticasVHDL/github/PHR/Version3/PFA/ParCoGli/ParCoGli.srcs/sources_1/new/ParCoGli.vhd:172]
WARNING: [Synth 8-327] inferring latch for variable 'edaddr_in_reg' [C:/PracticasVHDL/github/PHR/Version3/PFA/ParCoGli/ParCoGli.srcs/sources_1/new/ParCoGli.vhd:153]
---------------------------------------------------------------------------------
Finished RTL Optimization Phase 2 : Time (s): cpu = 00:00:15 ; elapsed = 00:00:16 . Memory (MB): peak = 1263.996 ; gain = 9.395
---------------------------------------------------------------------------------
---------------------------------------------------------------------------------
Start RTL Component Statistics 
---------------------------------------------------------------------------------
Detailed RTL Component Info : 
+---Adders : 
	   2 Input   32 Bit       Adders := 1     
+---XORs : 
	   2 Input      1 Bit         XORs := 36    
+---Registers : 
	               32 Bit    Registers := 1     
	                1 Bit    Registers := 4     
+---Muxes : 
	   5 Input   32 Bit        Muxes := 1     
	   2 Input   32 Bit        Muxes := 6     
	   4 Input   32 Bit        Muxes := 1     
	   3 Input   32 Bit        Muxes := 1     
	   2 Input    4 Bit        Muxes := 1     
	   4 Input    3 Bit        Muxes := 1     
	   3 Input    2 Bit        Muxes := 1     
	   2 Input    1 Bit        Muxes := 7     
---------------------------------------------------------------------------------
Finished RTL Component Statistics 
---------------------------------------------------------------------------------
---------------------------------------------------------------------------------
Start Part Resource Summary
---------------------------------------------------------------------------------
Part Resources:
DSPs: 90 (col length:60)
BRAMs: 100 (col length: RAMB18 60 RAMB36 30)
---------------------------------------------------------------------------------
Finished Part Resource Summary
---------------------------------------------------------------------------------
---------------------------------------------------------------------------------
Start Cross Boundary and Area Optimization
---------------------------------------------------------------------------------
WARNING: [Synth 8-7080] Parallel synthesis criteria is not met
WARNING: [Synth 8-7129] Port datAdicionales in module ParCoGli is either unconnected or has no load
WARNING: [Synth 8-3332] Sequential element (edaddr_in_reg[6]) is unused and will be removed from module ParCoGli.
WARNING: [Synth 8-3332] Sequential element (edaddr_in_reg[4]) is unused and will be removed from module ParCoGli.
---------------------------------------------------------------------------------
Finished Cross Boundary and Area Optimization : Time (s): cpu = 00:00:18 ; elapsed = 00:00:19 . Memory (MB): peak = 1263.996 ; gain = 9.395
---------------------------------------------------------------------------------
---------------------------------------------------------------------------------
Start Applying XDC Timing Constraints
---------------------------------------------------------------------------------
---------------------------------------------------------------------------------
Finished Applying XDC Timing Constraints : Time (s): cpu = 00:00:24 ; elapsed = 00:00:25 . Memory (MB): peak = 1263.996 ; gain = 9.395
---------------------------------------------------------------------------------
---------------------------------------------------------------------------------
Start Timing Optimization
---------------------------------------------------------------------------------
---------------------------------------------------------------------------------
Finished Timing Optimization : Time (s): cpu = 00:00:24 ; elapsed = 00:00:25 . Memory (MB): peak = 1263.996 ; gain = 9.395
---------------------------------------------------------------------------------
---------------------------------------------------------------------------------
Start Technology Mapping
---------------------------------------------------------------------------------
---------------------------------------------------------------------------------
Finished Technology Mapping : Time (s): cpu = 00:00:25 ; elapsed = 00:00:25 . Memory (MB): peak = 1263.996 ; gain = 9.395
---------------------------------------------------------------------------------
---------------------------------------------------------------------------------
Start IO Insertion
---------------------------------------------------------------------------------
---------------------------------------------------------------------------------
Start Flattening Before IO Insertion
---------------------------------------------------------------------------------
---------------------------------------------------------------------------------
Finished Flattening Before IO Insertion
---------------------------------------------------------------------------------
---------------------------------------------------------------------------------
Start Final Netlist Cleanup
---------------------------------------------------------------------------------
---------------------------------------------------------------------------------
Finished Final Netlist Cleanup
---------------------------------------------------------------------------------
---------------------------------------------------------------------------------
Finished IO Insertion : Time (s): cpu = 00:00:30 ; elapsed = 00:00:30 . Memory (MB): peak = 1263.996 ; gain = 9.395
---------------------------------------------------------------------------------
---------------------------------------------------------------------------------
Start Renaming Generated Instances
---------------------------------------------------------------------------------
---------------------------------------------------------------------------------
Finished Renaming Generated Instances : Time (s): cpu = 00:00:30 ; elapsed = 00:00:30 . Memory (MB): peak = 1263.996 ; gain = 9.395
---------------------------------------------------------------------------------
---------------------------------------------------------------------------------
Start Rebuilding User Hierarchy
---------------------------------------------------------------------------------
---------------------------------------------------------------------------------
Finished Rebuilding User Hierarchy : Time (s): cpu = 00:00:30 ; elapsed = 00:00:31 . Memory (MB): peak = 1263.996 ; gain = 9.395
---------------------------------------------------------------------------------
---------------------------------------------------------------------------------
Start Renaming Generated Ports
---------------------------------------------------------------------------------
---------------------------------------------------------------------------------
Finished Renaming Generated Ports : Time (s): cpu = 00:00:30 ; elapsed = 00:00:31 . Memory (MB): peak = 1263.996 ; gain = 9.395
---------------------------------------------------------------------------------
---------------------------------------------------------------------------------
Start Handling Custom Attributes
---------------------------------------------------------------------------------
---------------------------------------------------------------------------------
Finished Handling Custom Attributes : Time (s): cpu = 00:00:30 ; elapsed = 00:00:31 . Memory (MB): peak = 1263.996 ; gain = 9.395
---------------------------------------------------------------------------------
---------------------------------------------------------------------------------
Start Renaming Generated Nets
---------------------------------------------------------------------------------
---------------------------------------------------------------------------------
Finished Renaming Generated Nets : Time (s): cpu = 00:00:30 ; elapsed = 00:00:31 . Memory (MB): peak = 1263.996 ; gain = 9.395
---------------------------------------------------------------------------------
---------------------------------------------------------------------------------
Start Writing Synthesis Report
---------------------------------------------------------------------------------

Report BlackBoxes: 
+------+--------------+----------+
|      |BlackBox name |Instances |
+------+--------------+----------+
|1     |xadc_wiz_0    |         1|
+------+--------------+----------+

Report Cell Usage: 
+------+----------------+------+
|      |Cell            |Count |
+------+----------------+------+
|1     |xadc_wiz_0_bbox |     1|
|2     |BUFG            |     1|
|3     |CARRY4          |    88|
|4     |LUT1            |    99|
|5     |LUT2            |   207|
|6     |LUT3            |     6|
|7     |LUT4            |    20|
|8     |LUT5            |     3|
|9     |LUT6            |    15|
|10    |FDRE            |   225|
|11    |FDSE            |     3|
|12    |LD              |    28|
|13    |LDC             |     1|
|14    |IBUF            |    10|
|15    |OBUF            |     7|
+------+----------------+------+
---------------------------------------------------------------------------------
Finished Writing Synthesis Report : Time (s): cpu = 00:00:30 ; elapsed = 00:00:31 . Memory (MB): peak = 1263.996 ; gain = 9.395
---------------------------------------------------------------------------------
Synthesis finished with 0 errors, 0 critical warnings and 9 warnings.
Synthesis Optimization Runtime : Time (s): cpu = 00:00:21 ; elapsed = 00:00:29 . Memory (MB): peak = 1263.996 ; gain = 0.000
Synthesis Optimization Complete : Time (s): cpu = 00:00:30 ; elapsed = 00:00:31 . Memory (MB): peak = 1263.996 ; gain = 9.395
INFO: [Project 1-571] Translating synthesized netlist
Netlist sorting complete. Time (s): cpu = 00:00:00 ; elapsed = 00:00:00.010 . Memory (MB): peak = 1263.996 ; gain = 0.000
INFO: [Netlist 29-17] Analyzing 117 Unisim elements for replacement
INFO: [Netlist 29-28] Unisim Transformation completed in 0 CPU seconds
INFO: [Project 1-570] Preparing netlist for logic optimization
INFO: [Opt 31-138] Pushed 0 inverter(s) to 0 load pin(s).
Netlist sorting complete. Time (s): cpu = 00:00:00 ; elapsed = 00:00:00 . Memory (MB): peak = 1263.996 ; gain = 0.000
INFO: [Project 1-111] Unisim Transformation Summary:
  A total of 29 instances were transformed.
  LD => LDCE: 28 instances
  LDC => LDCE: 1 instance 

Synth Design complete, checksum: c9d65e3e
INFO: [Common 17-83] Releasing license: Synthesis
51 Infos, 21 Warnings, 0 Critical Warnings and 0 Errors encountered.
synth_design completed successfully
synth_design: Time (s): cpu = 00:00:34 ; elapsed = 00:00:36 . Memory (MB): peak = 1263.996 ; gain = 9.395
INFO: [Common 17-1381] The checkpoint 'C:/PracticasVHDL/github/PHR/Version3/PFA/ParCoGli/ParCoGli.runs/synth_1/ParCoGli.dcp' has been generated.
INFO: [runtcl-4] Executing : report_utilization -file ParCoGli_utilization_synth.rpt -pb ParCoGli_utilization_synth.pb
INFO: [Common 17-206] Exiting Vivado at Thu Apr 28 16:55:54 2022...
