#-----------------------------------------------------------
# Vivado v2021.2 (64-bit)
# SW Build 3367213 on Tue Oct 19 02:48:09 MDT 2021
# IP Build 3369179 on Thu Oct 21 08:25:16 MDT 2021
# Start of session at: Thu May 12 17:57:59 2022
# Process ID: 3316
# Current directory: C:/Users/user2/Desktop/Version3ConMedias/PFA/ParCoGli
# Command line: vivado.exe -gui_launcher_event rodinguilauncherevent1252 C:\Users\user2\Desktop\Version3ConMedias\PFA\ParCoGli\ParCoGli.xpr
# Log file: C:/Users/user2/Desktop/Version3ConMedias/PFA/ParCoGli/vivado.log
# Journal file: C:/Users/user2/Desktop/Version3ConMedias/PFA/ParCoGli\vivado.jou
# Running On: funda8, OS: Windows, CPU Frequency: 3192 MHz, CPU Physical cores: 4, Host memory: 17054 MB
#-----------------------------------------------------------
start_gui
open_project C:/Users/user2/Desktop/Version3ConMedias/PFA/ParCoGli/ParCoGli.xpr
WARNING: [Board 49-26] cannot add Board Part xilinx.com:kc705:part0:1.6 available at C:/Xilinx/Vivado/2021.2/data/xhub/boards/XilinxBoardStore/boards/Xilinx/kc705/1.6/board.xml as part xc7k325tffg900-2 specified in board_part file is either invalid or not available
WARNING: [Board 49-26] cannot add Board Part xilinx.com:kcu105:part0:1.6 available at C:/Xilinx/Vivado/2021.2/data/xhub/boards/XilinxBoardStore/boards/Xilinx/kcu105/1.6/board.xml as part xcku040-ffva1156-2-e specified in board_part file is either invalid or not available
INFO: [Project 1-313] Project file moved from 'C:/PracticasVHDL/github/PHR/Version3/PFA/ParCoGli' since last save.
WARNING: [Board 49-26] cannot add Board Part xilinx.com:kcu105:part0:1.7 available at C:/Xilinx/Vivado/2021.2/data/xhub/boards/XilinxBoardStore/boards/Xilinx/kcu105/1.7/board.xml as part xcku040-ffva1156-2-e specified in board_part file is either invalid or not available
WARNING: [Board 49-26] cannot add Board Part xilinx.com:kcu1500:part0:1.2 available at C:/Xilinx/Vivado/2021.2/data/xhub/boards/XilinxBoardStore/boards/Xilinx/kcu1500/1.2/board.xml as part xcku115-flvb2104-2-e specified in board_part file is either invalid or not available
WARNING: [Board 49-26] cannot add Board Part xilinx.com:vc707:part0:1.4 available at C:/Xilinx/Vivado/2021.2/data/xhub/boards/XilinxBoardStore/boards/Xilinx/vc707/1.4/board.xml as part xc7vx485tffg1761-2 specified in board_part file is either invalid or not available
WARNING: [Board 49-26] cannot add Board Part xilinx.com:vc709:part0:1.8 available at C:/Xilinx/Vivado/2021.2/data/xhub/boards/XilinxBoardStore/boards/Xilinx/vc709/1.8/board.xml as part xc7vx690tffg1761-2 specified in board_part file is either invalid or not available
WARNING: [Board 49-26] cannot add Board Part xilinx.com:vck190:part0:2.2 available at C:/Xilinx/Vivado/2021.2/data/xhub/boards/XilinxBoardStore/boards/Xilinx/vck190/production/2.2/board.xml as part xcvc1902-vsva2197-2mp-e-s specified in board_part file is either invalid or not available
WARNING: [Board 49-26] cannot add Board Part xilinx.com:vck190_es:part0:1.3 available at C:/Xilinx/Vivado/2021.2/data/xhub/boards/XilinxBoardStore/boards/Xilinx/vck190/es/1.3/board.xml as part xcvc1902-vsva2197-2mp-e-s-es1 specified in board_part file is either invalid or not available
WARNING: [Board 49-26] cannot add Board Part xilinx.com:vcu108:part0:1.6 available at C:/Xilinx/Vivado/2021.2/data/xhub/boards/XilinxBoardStore/boards/Xilinx/vcu108/1.6/board.xml as part xcvu095-ffva2104-2-e specified in board_part file is either invalid or not available
WARNING: [Board 49-26] cannot add Board Part xilinx.com:vcu108:part0:1.7 available at C:/Xilinx/Vivado/2021.2/data/xhub/boards/XilinxBoardStore/boards/Xilinx/vcu108/1.7/board.xml as part xcvu095-ffva2104-2-e specified in board_part file is either invalid or not available
WARNING: [Board 49-26] cannot add Board Part xilinx.com:vcu110:part0:1.4 available at C:/Xilinx/Vivado/2021.2/data/xhub/boards/XilinxBoardStore/boards/Xilinx/vcu110/1.4/board.xml as part xcvu190-flgc2104-2-e specified in board_part file is either invalid or not available
WARNING: [Board 49-26] cannot add Board Part xilinx.com:vcu118:part0:2.0 available at C:/Xilinx/Vivado/2021.2/data/xhub/boards/XilinxBoardStore/boards/Xilinx/vcu118/2.0/board.xml as part xcvu9p-flga2104-2l-e specified in board_part file is either invalid or not available
WARNING: [Board 49-26] cannot add Board Part xilinx.com:vcu118:part0:2.3 available at C:/Xilinx/Vivado/2021.2/data/xhub/boards/XilinxBoardStore/boards/Xilinx/vcu118/2.3/board.xml as part xcvu9p-flga2104-2l-e specified in board_part file is either invalid or not available
WARNING: [Board 49-26] cannot add Board Part xilinx.com:vcu118:part0:2.4 available at C:/Xilinx/Vivado/2021.2/data/xhub/boards/XilinxBoardStore/boards/Xilinx/vcu118/2.4/board.xml as part xcvu9p-flga2104-2l-e specified in board_part file is either invalid or not available
WARNING: [Board 49-26] cannot add Board Part xilinx.com:vcu128:part0:1.0 available at C:/Xilinx/Vivado/2021.2/data/xhub/boards/XilinxBoardStore/boards/Xilinx/vcu128/production/1.0/board.xml as part xcvu37p-fsvh2892-2l-e specified in board_part file is either invalid or not available
WARNING: [Board 49-26] cannot add Board Part xilinx.com:vcu129:part0:1.0 available at C:/Xilinx/Vivado/2021.2/data/xhub/boards/XilinxBoardStore/boards/Xilinx/vcu129/production/1.0/board.xml as part xcvu29p-fsga2577-2l-e specified in board_part file is either invalid or not available
WARNING: [Board 49-26] cannot add Board Part xilinx.com:vcu1525:part0:1.3 available at C:/Xilinx/Vivado/2021.2/data/xhub/boards/XilinxBoardStore/boards/Xilinx/vcu1525/1.3/board.xml as part xcvu9p-fsgd2104-2l-e specified in board_part file is either invalid or not available
WARNING: [Board 49-26] cannot add Board Part xilinx.com:vermeo_t1_mpsoc:part0:1.0 available at C:/Xilinx/Vivado/2021.2/data/xhub/boards/XilinxBoardStore/boards/Xilinx/vermeo_t1_mpsoc/1.0/board.xml as part xczu19eg-ffvd1760-2l-e specified in board_part file is either invalid or not available
WARNING: [Board 49-26] cannot add Board Part xilinx.com:vermeo_t1_rfsoc:part0:1.0 available at C:/Xilinx/Vivado/2021.2/data/xhub/boards/XilinxBoardStore/boards/Xilinx/vermeo_t1_rfsoc/1.0/board.xml as part xczu21dr-ffvd1156-2l-e specified in board_part file is either invalid or not available
WARNING: [Board 49-26] cannot add Board Part xilinx.com:vmk180:part0:2.2 available at C:/Xilinx/Vivado/2021.2/data/xhub/boards/XilinxBoardStore/boards/Xilinx/vmk180/production/2.2/board.xml as part xcvm1802-vsva2197-2mp-e-s specified in board_part file is either invalid or not available
WARNING: [Board 49-26] cannot add Board Part xilinx.com:vmk180_es:part0:1.3 available at C:/Xilinx/Vivado/2021.2/data/xhub/boards/XilinxBoardStore/boards/Xilinx/vmk180/es/1.3/board.xml as part xcvm1802-vsva2197-2mp-e-s-es1 specified in board_part file is either invalid or not available
WARNING: [Board 49-26] cannot add Board Part xilinx.com:vpk120_es:part0:1.2 available at C:/Xilinx/Vivado/2021.2/data/xhub/boards/XilinxBoardStore/boards/Xilinx/vpk120/es/1.2/board.xml as part xcvp1202-vsva2785-2mp-e-s-es1 specified in board_part file is either invalid or not available
WARNING: [Board 49-26] cannot add Board Part xilinx.com:zc706:part0:1.4 available at C:/Xilinx/Vivado/2021.2/data/xhub/boards/XilinxBoardStore/boards/Xilinx/zc706/1.4/board.xml as part xc7z045ffg900-2 specified in board_part file is either invalid or not available
WARNING: [Board 49-26] cannot add Board Part xilinx.com:zcu102:part0:3.3 available at C:/Xilinx/Vivado/2021.2/data/xhub/boards/XilinxBoardStore/boards/Xilinx/zcu102/3.3/board.xml as part xczu9eg-ffvb1156-2-e specified in board_part file is either invalid or not available
WARNING: [Board 49-26] cannot add Board Part xilinx.com:zcu102:part0:3.4 available at C:/Xilinx/Vivado/2021.2/data/xhub/boards/XilinxBoardStore/boards/Xilinx/zcu102/3.4/board.xml as part xczu9eg-ffvb1156-2-e specified in board_part file is either invalid or not available
WARNING: [Board 49-26] cannot add Board Part xilinx.com:zcu111:part0:1.2 available at C:/Xilinx/Vivado/2021.2/data/xhub/boards/XilinxBoardStore/boards/Xilinx/zcu111/1.2/board.xml as part xczu28dr-ffvg1517-2-e specified in board_part file is either invalid or not available
WARNING: [Board 49-26] cannot add Board Part xilinx.com:zcu111:part0:1.3 available at C:/Xilinx/Vivado/2021.2/data/xhub/boards/XilinxBoardStore/boards/Xilinx/zcu111/1.3/board.xml as part xczu28dr-ffvg1517-2-e specified in board_part file is either invalid or not available
WARNING: [Board 49-26] cannot add Board Part xilinx.com:zcu111:part0:1.4 available at C:/Xilinx/Vivado/2021.2/data/xhub/boards/XilinxBoardStore/boards/Xilinx/zcu111/1.4/board.xml as part xczu28dr-ffvg1517-2-e specified in board_part file is either invalid or not available
WARNING: [Board 49-26] cannot add Board Part xilinx.com:zcu1275:part0:1.0 available at C:/Xilinx/Vivado/2021.2/data/xhub/boards/XilinxBoardStore/boards/Xilinx/zcu1275/1.0/board.xml as part xczu29dr-ffvf1760-2-e specified in board_part file is either invalid or not available
WARNING: [Board 49-26] cannot add Board Part xilinx.com:zcu1285:part0:1.0 available at C:/Xilinx/Vivado/2021.2/data/xhub/boards/XilinxBoardStore/boards/Xilinx/zcu1285/1.0/board.xml as part xczu39dr-ffvf1760-2-i specified in board_part file is either invalid or not available
WARNING: [Board 49-26] cannot add Board Part xilinx.com:zcu208:part0:2.0 available at C:/Xilinx/Vivado/2021.2/data/xhub/boards/XilinxBoardStore/boards/Xilinx/zcu208/production/2.0/board.xml as part xczu48dr-fsvg1517-2-e specified in board_part file is either invalid or not available
WARNING: [Board 49-26] cannot add Board Part xilinx.com:zcu208_es:part0:1.0 available at C:/Xilinx/Vivado/2021.2/data/xhub/boards/XilinxBoardStore/boards/Xilinx/zcu208/es/1.0/board.xml as part xczu48dr-fsvg1517-2-e-es1 specified in board_part file is either invalid or not available
WARNING: [Board 49-26] cannot add Board Part xilinx.com:zcu208_es:part0:1.1 available at C:/Xilinx/Vivado/2021.2/data/xhub/boards/XilinxBoardStore/boards/Xilinx/zcu208/es/1.1/board.xml as part xczu48dr-fsvg1517-2-e-es1 specified in board_part file is either invalid or not available
WARNING: [Board 49-26] cannot add Board Part xilinx.com:zcu208_es:part0:1.2 available at C:/Xilinx/Vivado/2021.2/data/xhub/boards/XilinxBoardStore/boards/Xilinx/zcu208/es/1.2/board.xml as part xczu48dr-fsvg1517-2-e-es1 specified in board_part file is either invalid or not available
WARNING: [Board 49-26] cannot add Board Part xilinx.com:zcu208ld:part0:2.0 available at C:/Xilinx/Vivado/2021.2/data/xhub/boards/XilinxBoardStore/boards/Xilinx/zcu208ld/production/2.0/board.xml as part xczu58dr-fsvg1517-2-i specified in board_part file is either invalid or not available
WARNING: [Board 49-26] cannot add Board Part xilinx.com:zcu208ld_es:part0:1.0 available at C:/Xilinx/Vivado/2021.2/data/xhub/boards/XilinxBoardStore/boards/Xilinx/zcu208ld/es/1.0/board.xml as part xczu58dr-fsvg1517-2-i-es1 specified in board_part file is either invalid or not available
WARNING: [Board 49-26] cannot add Board Part xilinx.com:zcu216:part0:2.0 available at C:/Xilinx/Vivado/2021.2/data/xhub/boards/XilinxBoardStore/boards/Xilinx/zcu216/production/2.0/board.xml as part xczu49dr-ffvf1760-2-e specified in board_part file is either invalid or not available
WARNING: [Board 49-26] cannot add Board Part xilinx.com:zcu216_es:part0:1.0 available at C:/Xilinx/Vivado/2021.2/data/xhub/boards/XilinxBoardStore/boards/Xilinx/zcu216/es/1.0/board.xml as part xczu49dr-ffvf1760-2-e-es1 specified in board_part file is either invalid or not available
WARNING: [Board 49-26] cannot add Board Part xilinx.com:zcu216_es:part0:1.1 available at C:/Xilinx/Vivado/2021.2/data/xhub/boards/XilinxBoardStore/boards/Xilinx/zcu216/es/1.1/board.xml as part xczu49dr-ffvf1760-2-e-es1 specified in board_part file is either invalid or not available
WARNING: [Board 49-26] cannot add Board Part xilinx.com:zcu216_es:part0:1.2 available at C:/Xilinx/Vivado/2021.2/data/xhub/boards/XilinxBoardStore/boards/Xilinx/zcu216/es/1.2/board.xml as part xczu49dr-ffvf1760-2-e-es1 specified in board_part file is either invalid or not available
WARNING: [Board 49-26] cannot add Board Part xilinx.com:zcu216ld:part0:2.0 available at C:/Xilinx/Vivado/2021.2/data/xhub/boards/XilinxBoardStore/boards/Xilinx/zcu216ld/production/2.0/board.xml as part xczu59dr-ffvf1760-2-i specified in board_part file is either invalid or not available
WARNING: [Board 49-26] cannot add Board Part xilinx.com:zcu216ld_es:part0:1.0 available at C:/Xilinx/Vivado/2021.2/data/xhub/boards/XilinxBoardStore/boards/Xilinx/zcu216ld/es/1.0/board.xml as part xczu59dr-ffvf1760-2-i-es1 specified in board_part file is either invalid or not available
WARNING: [Board 49-26] cannot add Board Part xilinx.com:zcu670:part0:1.0 available at C:/Xilinx/Vivado/2021.2/data/xhub/boards/XilinxBoardStore/boards/Xilinx/zcu670/1.0/board.xml as part xczu67dr-fsve1156-2-i specified in board_part file is either invalid or not available
Scanning sources...
Finished scanning sources
INFO: [Project 1-1877] Auto incremental dir location 'C:/PracticasVHDL/github/PHR/Version3/PFA/ParCoGli/ParCoGli.srcs/utils_1/imports/xadc_wiz_0_synth_1' of run 'xadc_wiz_0_synth_1' is not writable, setting it to default location 'C:/Users/user2/Desktop/Version3ConMedias/PFA/ParCoGli/ParCoGli.srcs/utils_1/imports/xadc_wiz_0_synth_1'.
INFO: [Project 1-1877] Auto incremental dir location 'C:/PracticasVHDL/github/PHR/Version3/PFA/ParCoGli/ParCoGli.srcs/utils_1/imports/impl_1' of run 'impl_1' is not writable, setting it to default location 'C:/Users/user2/Desktop/Version3ConMedias/PFA/ParCoGli/ParCoGli.srcs/utils_1/imports/impl_1'.
INFO: [Project 1-1877] Auto incremental dir location 'C:/PracticasVHDL/github/PHR/Version3/PFA/ParCoGli/ParCoGli.srcs/utils_1/imports/xadc_wiz_0_impl_1' of run 'xadc_wiz_0_impl_1' is not writable, setting it to default location 'C:/Users/user2/Desktop/Version3ConMedias/PFA/ParCoGli/ParCoGli.srcs/utils_1/imports/xadc_wiz_0_impl_1'.
INFO: [IP_Flow 19-234] Refreshing IP repositories
INFO: [IP_Flow 19-1704] No user IP repositories specified
INFO: [IP_Flow 19-2313] Loaded Vivado IP repository 'C:/Xilinx/Vivado/2021.2/data/ip'.
open_project: Time (s): cpu = 00:00:18 ; elapsed = 00:00:09 . Memory (MB): peak = 1568.773 ; gain = 0.000
update_compile_order -fileset sources_1
synth_design -rtl -rtl_skip_mlo -name rtl_1
Command: synth_design -rtl -rtl_skip_mlo -name rtl_1
Starting synth_design
Using part: xc7a35tcpg236-1
Top: ParCoGli
INFO: [Device 21-403] Loading part xc7a35tcpg236-1
---------------------------------------------------------------------------------
Starting RTL Elaboration : Time (s): cpu = 00:00:06 ; elapsed = 00:00:07 . Memory (MB): peak = 1717.098 ; gain = 148.324
---------------------------------------------------------------------------------
INFO: [Synth 8-638] synthesizing module 'ParCoGli' [C:/Users/user2/Desktop/Version3ConMedias/PFA/ParCoGli/ParCoGli.srcs/sources_1/new/ParCoGli.vhd:51]
INFO: [Synth 8-3491] module 'xadc_wiz_0' declared at 'C:/Users/user2/Desktop/Version3ConMedias/PFA/ParCoGli/.Xil/Vivado-3316-funda8/realtime/xadc_wiz_0_stub.vhdl:5' bound to instance 'uut' of component 'xadc_wiz_0' [C:/Users/user2/Desktop/Version3ConMedias/PFA/ParCoGli/ParCoGli.srcs/sources_1/new/ParCoGli.vhd:188]
INFO: [Synth 8-638] synthesizing module 'xadc_wiz_0' [C:/Users/user2/Desktop/Version3ConMedias/PFA/ParCoGli/.Xil/Vivado-3316-funda8/realtime/xadc_wiz_0_stub.vhdl:30]
	Parameter N bound to: 9 - type: integer 
INFO: [Synth 8-3491] module 'Comp_N_Reu' declared at 'C:/Users/user2/Desktop/Version3ConMedias/PFA/ParCoGli/ParCoGli.srcs/sources_1/new/Comp_N_Reu.vhd:24' bound to instance 'CHipo' of component 'Comp_N' [C:/Users/user2/Desktop/Version3ConMedias/PFA/ParCoGli/ParCoGli.srcs/sources_1/new/ParCoGli.vhd:220]
INFO: [Synth 8-638] synthesizing module 'Comp_N_Reu' [C:/Users/user2/Desktop/Version3ConMedias/PFA/ParCoGli/ParCoGli.srcs/sources_1/new/Comp_N_Reu.vhd:29]
	Parameter N bound to: 9 - type: integer 
INFO: [Synth 8-3491] module 'Comp_1' declared at 'C:/Users/user2/Desktop/Version3ConMedias/PFA/ParCoGli/ParCoGli.srcs/sources_1/new/Comp_1.vhd:34' bound to instance 'C_ini' of component 'Comp_1' [C:/Users/user2/Desktop/Version3ConMedias/PFA/ParCoGli/ParCoGli.srcs/sources_1/new/Comp_N_Reu.vhd:41]
INFO: [Synth 8-638] synthesizing module 'Comp_1' [C:/Users/user2/Desktop/Version3ConMedias/PFA/ParCoGli/ParCoGli.srcs/sources_1/new/Comp_1.vhd:38]
INFO: [Synth 8-256] done synthesizing module 'Comp_1' (1#1) [C:/Users/user2/Desktop/Version3ConMedias/PFA/ParCoGli/ParCoGli.srcs/sources_1/new/Comp_1.vhd:38]
INFO: [Synth 8-3491] module 'Comp_1' declared at 'C:/Users/user2/Desktop/Version3ConMedias/PFA/ParCoGli/ParCoGli.srcs/sources_1/new/Comp_1.vhd:34' bound to instance 'C_int' of component 'Comp_1' [C:/Users/user2/Desktop/Version3ConMedias/PFA/ParCoGli/ParCoGli.srcs/sources_1/new/Comp_N_Reu.vhd:44]
INFO: [Synth 8-3491] module 'Comp_1' declared at 'C:/Users/user2/Desktop/Version3ConMedias/PFA/ParCoGli/ParCoGli.srcs/sources_1/new/Comp_1.vhd:34' bound to instance 'C_int' of component 'Comp_1' [C:/Users/user2/Desktop/Version3ConMedias/PFA/ParCoGli/ParCoGli.srcs/sources_1/new/Comp_N_Reu.vhd:44]
INFO: [Synth 8-3491] module 'Comp_1' declared at 'C:/Users/user2/Desktop/Version3ConMedias/PFA/ParCoGli/ParCoGli.srcs/sources_1/new/Comp_1.vhd:34' bound to instance 'C_int' of component 'Comp_1' [C:/Users/user2/Desktop/Version3ConMedias/PFA/ParCoGli/ParCoGli.srcs/sources_1/new/Comp_N_Reu.vhd:44]
INFO: [Synth 8-3491] module 'Comp_1' declared at 'C:/Users/user2/Desktop/Version3ConMedias/PFA/ParCoGli/ParCoGli.srcs/sources_1/new/Comp_1.vhd:34' bound to instance 'C_int' of component 'Comp_1' [C:/Users/user2/Desktop/Version3ConMedias/PFA/ParCoGli/ParCoGli.srcs/sources_1/new/Comp_N_Reu.vhd:44]
INFO: [Synth 8-3491] module 'Comp_1' declared at 'C:/Users/user2/Desktop/Version3ConMedias/PFA/ParCoGli/ParCoGli.srcs/sources_1/new/Comp_1.vhd:34' bound to instance 'C_int' of component 'Comp_1' [C:/Users/user2/Desktop/Version3ConMedias/PFA/ParCoGli/ParCoGli.srcs/sources_1/new/Comp_N_Reu.vhd:44]
INFO: [Synth 8-3491] module 'Comp_1' declared at 'C:/Users/user2/Desktop/Version3ConMedias/PFA/ParCoGli/ParCoGli.srcs/sources_1/new/Comp_1.vhd:34' bound to instance 'C_int' of component 'Comp_1' [C:/Users/user2/Desktop/Version3ConMedias/PFA/ParCoGli/ParCoGli.srcs/sources_1/new/Comp_N_Reu.vhd:44]
INFO: [Synth 8-3491] module 'Comp_1' declared at 'C:/Users/user2/Desktop/Version3ConMedias/PFA/ParCoGli/ParCoGli.srcs/sources_1/new/Comp_1.vhd:34' bound to instance 'C_int' of component 'Comp_1' [C:/Users/user2/Desktop/Version3ConMedias/PFA/ParCoGli/ParCoGli.srcs/sources_1/new/Comp_N_Reu.vhd:44]
INFO: [Synth 8-3491] module 'Comp_1' declared at 'C:/Users/user2/Desktop/Version3ConMedias/PFA/ParCoGli/ParCoGli.srcs/sources_1/new/Comp_1.vhd:34' bound to instance 'C_fin' of component 'Comp_1' [C:/Users/user2/Desktop/Version3ConMedias/PFA/ParCoGli/ParCoGli.srcs/sources_1/new/Comp_N_Reu.vhd:47]
INFO: [Synth 8-256] done synthesizing module 'Comp_N_Reu' (2#1) [C:/Users/user2/Desktop/Version3ConMedias/PFA/ParCoGli/ParCoGli.srcs/sources_1/new/Comp_N_Reu.vhd:29]
	Parameter N bound to: 9 - type: integer 
INFO: [Synth 8-3491] module 'Comp_N_Reu' declared at 'C:/Users/user2/Desktop/Version3ConMedias/PFA/ParCoGli/ParCoGli.srcs/sources_1/new/Comp_N_Reu.vhd:24' bound to instance 'CHiper' of component 'Comp_N' [C:/Users/user2/Desktop/Version3ConMedias/PFA/ParCoGli/ParCoGli.srcs/sources_1/new/ParCoGli.vhd:221]
	Parameter N bound to: 9 - type: integer 
INFO: [Synth 8-3491] module 'Comp_N_Reu' declared at 'C:/Users/user2/Desktop/Version3ConMedias/PFA/ParCoGli/ParCoGli.srcs/sources_1/new/Comp_N_Reu.vhd:24' bound to instance 'CInsulinaLetal' of component 'Comp_N' [C:/Users/user2/Desktop/Version3ConMedias/PFA/ParCoGli/ParCoGli.srcs/sources_1/new/ParCoGli.vhd:222]
INFO: [Synth 8-3491] module 'encendedorBuzzy' declared at 'C:/Users/user2/Desktop/Version3ConMedias/PFA/ParCoGli/ParCoGli.srcs/sources_1/new/encendedorBuzzy.vhd:27' bound to instance 'Buzzy' of component 'encendedorBuzzy' [C:/Users/user2/Desktop/Version3ConMedias/PFA/ParCoGli/ParCoGli.srcs/sources_1/new/ParCoGli.vhd:223]
INFO: [Synth 8-638] synthesizing module 'encendedorBuzzy' [C:/Users/user2/Desktop/Version3ConMedias/PFA/ParCoGli/ParCoGli.srcs/sources_1/new/encendedorBuzzy.vhd:37]
WARNING: [Synth 8-614] signal 'buzz_int' is read in the process but is not in the sensitivity list [C:/Users/user2/Desktop/Version3ConMedias/PFA/ParCoGli/ParCoGli.srcs/sources_1/new/encendedorBuzzy.vhd:44]
INFO: [Synth 8-256] done synthesizing module 'encendedorBuzzy' (3#1) [C:/Users/user2/Desktop/Version3ConMedias/PFA/ParCoGli/ParCoGli.srcs/sources_1/new/encendedorBuzzy.vhd:37]
INFO: [Synth 8-3491] module 'inyector' declared at 'C:/Users/user2/Desktop/Version3ConMedias/PFA/ParCoGli/ParCoGli.srcs/sources_1/new/inyector.vhd:27' bound to instance 'InyectorbombaInsGlargina' of component 'inyector' [C:/Users/user2/Desktop/Version3ConMedias/PFA/ParCoGli/ParCoGli.srcs/sources_1/new/ParCoGli.vhd:224]
INFO: [Synth 8-638] synthesizing module 'inyector' [C:/Users/user2/Desktop/Version3ConMedias/PFA/ParCoGli/ParCoGli.srcs/sources_1/new/inyector.vhd:35]
WARNING: [Synth 8-614] signal 'estado' is read in the process but is not in the sensitivity list [C:/Users/user2/Desktop/Version3ConMedias/PFA/ParCoGli/ParCoGli.srcs/sources_1/new/inyector.vhd:43]
INFO: [Synth 8-256] done synthesizing module 'inyector' (4#1) [C:/Users/user2/Desktop/Version3ConMedias/PFA/ParCoGli/ParCoGli.srcs/sources_1/new/inyector.vhd:35]
INFO: [Synth 8-3491] module 'inyector' declared at 'C:/Users/user2/Desktop/Version3ConMedias/PFA/ParCoGli/ParCoGli.srcs/sources_1/new/inyector.vhd:27' bound to instance 'InyectorbombaInsLispro' of component 'inyector' [C:/Users/user2/Desktop/Version3ConMedias/PFA/ParCoGli/ParCoGli.srcs/sources_1/new/ParCoGli.vhd:225]
INFO: [Synth 8-3491] module 'inyector' declared at 'C:/Users/user2/Desktop/Version3ConMedias/PFA/ParCoGli/ParCoGli.srcs/sources_1/new/inyector.vhd:27' bound to instance 'InyectorGlucosa' of component 'inyector' [C:/Users/user2/Desktop/Version3ConMedias/PFA/ParCoGli/ParCoGli.srcs/sources_1/new/ParCoGli.vhd:226]
	Parameter N bound to: 9 - type: integer 
INFO: [Synth 8-3491] module 'SumToN' declared at 'C:/Users/user2/Desktop/Version3ConMedias/PFA/ParCoGli/ParCoGli.srcs/sources_1/new/SumTotalN.vhd:58' bound to instance 'SumadorSistema1' of component 'SumToN' [C:/Users/user2/Desktop/Version3ConMedias/PFA/ParCoGli/ParCoGli.srcs/sources_1/new/ParCoGli.vhd:228]
INFO: [Synth 8-638] synthesizing module 'SumToN' [C:/Users/user2/Desktop/Version3ConMedias/PFA/ParCoGli/ParCoGli.srcs/sources_1/new/SumTotalN.vhd:65]
	Parameter N bound to: 9 - type: integer 
INFO: [Synth 8-3491] module 'SumTot1Bit' declared at 'C:/Users/user2/Desktop/Version3ConMedias/PFA/ParCoGli/ParCoGli.srcs/sources_1/new/SumadorTotal.vhd:34' bound to instance 'C_ini' of component 'SumTot1Bit' [C:/Users/user2/Desktop/Version3ConMedias/PFA/ParCoGli/ParCoGli.srcs/sources_1/new/SumTotalN.vhd:73]
INFO: [Synth 8-638] synthesizing module 'SumTot1Bit' [C:/Users/user2/Desktop/Version3ConMedias/PFA/ParCoGli/ParCoGli.srcs/sources_1/new/SumadorTotal.vhd:38]
INFO: [Synth 8-226] default block is never used [C:/Users/user2/Desktop/Version3ConMedias/PFA/ParCoGli/ParCoGli.srcs/sources_1/new/SumadorTotal.vhd:44]
INFO: [Synth 8-256] done synthesizing module 'SumTot1Bit' (5#1) [C:/Users/user2/Desktop/Version3ConMedias/PFA/ParCoGli/ParCoGli.srcs/sources_1/new/SumadorTotal.vhd:38]
INFO: [Synth 8-3491] module 'SumTot1Bit' declared at 'C:/Users/user2/Desktop/Version3ConMedias/PFA/ParCoGli/ParCoGli.srcs/sources_1/new/SumadorTotal.vhd:34' bound to instance 'C_int' of component 'SumTot1Bit' [C:/Users/user2/Desktop/Version3ConMedias/PFA/ParCoGli/ParCoGli.srcs/sources_1/new/SumTotalN.vhd:75]
INFO: [Synth 8-3491] module 'SumTot1Bit' declared at 'C:/Users/user2/Desktop/Version3ConMedias/PFA/ParCoGli/ParCoGli.srcs/sources_1/new/SumadorTotal.vhd:34' bound to instance 'C_int' of component 'SumTot1Bit' [C:/Users/user2/Desktop/Version3ConMedias/PFA/ParCoGli/ParCoGli.srcs/sources_1/new/SumTotalN.vhd:75]
INFO: [Synth 8-3491] module 'SumTot1Bit' declared at 'C:/Users/user2/Desktop/Version3ConMedias/PFA/ParCoGli/ParCoGli.srcs/sources_1/new/SumadorTotal.vhd:34' bound to instance 'C_int' of component 'SumTot1Bit' [C:/Users/user2/Desktop/Version3ConMedias/PFA/ParCoGli/ParCoGli.srcs/sources_1/new/SumTotalN.vhd:75]
INFO: [Synth 8-3491] module 'SumTot1Bit' declared at 'C:/Users/user2/Desktop/Version3ConMedias/PFA/ParCoGli/ParCoGli.srcs/sources_1/new/SumadorTotal.vhd:34' bound to instance 'C_int' of component 'SumTot1Bit' [C:/Users/user2/Desktop/Version3ConMedias/PFA/ParCoGli/ParCoGli.srcs/sources_1/new/SumTotalN.vhd:75]
INFO: [Synth 8-3491] module 'SumTot1Bit' declared at 'C:/Users/user2/Desktop/Version3ConMedias/PFA/ParCoGli/ParCoGli.srcs/sources_1/new/SumadorTotal.vhd:34' bound to instance 'C_int' of component 'SumTot1Bit' [C:/Users/user2/Desktop/Version3ConMedias/PFA/ParCoGli/ParCoGli.srcs/sources_1/new/SumTotalN.vhd:75]
INFO: [Synth 8-3491] module 'SumTot1Bit' declared at 'C:/Users/user2/Desktop/Version3ConMedias/PFA/ParCoGli/ParCoGli.srcs/sources_1/new/SumadorTotal.vhd:34' bound to instance 'C_int' of component 'SumTot1Bit' [C:/Users/user2/Desktop/Version3ConMedias/PFA/ParCoGli/ParCoGli.srcs/sources_1/new/SumTotalN.vhd:75]
INFO: [Synth 8-3491] module 'SumTot1Bit' declared at 'C:/Users/user2/Desktop/Version3ConMedias/PFA/ParCoGli/ParCoGli.srcs/sources_1/new/SumadorTotal.vhd:34' bound to instance 'C_int' of component 'SumTot1Bit' [C:/Users/user2/Desktop/Version3ConMedias/PFA/ParCoGli/ParCoGli.srcs/sources_1/new/SumTotalN.vhd:75]
INFO: [Synth 8-3491] module 'SumTot1Bit' declared at 'C:/Users/user2/Desktop/Version3ConMedias/PFA/ParCoGli/ParCoGli.srcs/sources_1/new/SumadorTotal.vhd:34' bound to instance 'C_fin' of component 'SumTot1Bit' [C:/Users/user2/Desktop/Version3ConMedias/PFA/ParCoGli/ParCoGli.srcs/sources_1/new/SumTotalN.vhd:77]
INFO: [Synth 8-256] done synthesizing module 'SumToN' (6#1) [C:/Users/user2/Desktop/Version3ConMedias/PFA/ParCoGli/ParCoGli.srcs/sources_1/new/SumTotalN.vhd:65]
	Parameter N bound to: 9 - type: integer 
INFO: [Synth 8-3491] module 'SumToN' declared at 'C:/Users/user2/Desktop/Version3ConMedias/PFA/ParCoGli/ParCoGli.srcs/sources_1/new/SumTotalN.vhd:58' bound to instance 'SumadorSistema2' of component 'SumToN' [C:/Users/user2/Desktop/Version3ConMedias/PFA/ParCoGli/ParCoGli.srcs/sources_1/new/ParCoGli.vhd:229]
	Parameter N bound to: 10 - type: integer 
INFO: [Synth 8-3491] module 'SumToN' declared at 'C:/Users/user2/Desktop/Version3ConMedias/PFA/ParCoGli/ParCoGli.srcs/sources_1/new/SumTotalN.vhd:58' bound to instance 'Media1' of component 'SumToN' [C:/Users/user2/Desktop/Version3ConMedias/PFA/ParCoGli/ParCoGli.srcs/sources_1/new/ParCoGli.vhd:230]
INFO: [Synth 8-638] synthesizing module 'SumToN__parameterized2' [C:/Users/user2/Desktop/Version3ConMedias/PFA/ParCoGli/ParCoGli.srcs/sources_1/new/SumTotalN.vhd:65]
	Parameter N bound to: 10 - type: integer 
INFO: [Synth 8-3491] module 'SumTot1Bit' declared at 'C:/Users/user2/Desktop/Version3ConMedias/PFA/ParCoGli/ParCoGli.srcs/sources_1/new/SumadorTotal.vhd:34' bound to instance 'C_ini' of component 'SumTot1Bit' [C:/Users/user2/Desktop/Version3ConMedias/PFA/ParCoGli/ParCoGli.srcs/sources_1/new/SumTotalN.vhd:73]
INFO: [Synth 8-3491] module 'SumTot1Bit' declared at 'C:/Users/user2/Desktop/Version3ConMedias/PFA/ParCoGli/ParCoGli.srcs/sources_1/new/SumadorTotal.vhd:34' bound to instance 'C_int' of component 'SumTot1Bit' [C:/Users/user2/Desktop/Version3ConMedias/PFA/ParCoGli/ParCoGli.srcs/sources_1/new/SumTotalN.vhd:75]
INFO: [Synth 8-3491] module 'SumTot1Bit' declared at 'C:/Users/user2/Desktop/Version3ConMedias/PFA/ParCoGli/ParCoGli.srcs/sources_1/new/SumadorTotal.vhd:34' bound to instance 'C_int' of component 'SumTot1Bit' [C:/Users/user2/Desktop/Version3ConMedias/PFA/ParCoGli/ParCoGli.srcs/sources_1/new/SumTotalN.vhd:75]
INFO: [Synth 8-3491] module 'SumTot1Bit' declared at 'C:/Users/user2/Desktop/Version3ConMedias/PFA/ParCoGli/ParCoGli.srcs/sources_1/new/SumadorTotal.vhd:34' bound to instance 'C_int' of component 'SumTot1Bit' [C:/Users/user2/Desktop/Version3ConMedias/PFA/ParCoGli/ParCoGli.srcs/sources_1/new/SumTotalN.vhd:75]
INFO: [Synth 8-3491] module 'SumTot1Bit' declared at 'C:/Users/user2/Desktop/Version3ConMedias/PFA/ParCoGli/ParCoGli.srcs/sources_1/new/SumadorTotal.vhd:34' bound to instance 'C_int' of component 'SumTot1Bit' [C:/Users/user2/Desktop/Version3ConMedias/PFA/ParCoGli/ParCoGli.srcs/sources_1/new/SumTotalN.vhd:75]
INFO: [Synth 8-3491] module 'SumTot1Bit' declared at 'C:/Users/user2/Desktop/Version3ConMedias/PFA/ParCoGli/ParCoGli.srcs/sources_1/new/SumadorTotal.vhd:34' bound to instance 'C_int' of component 'SumTot1Bit' [C:/Users/user2/Desktop/Version3ConMedias/PFA/ParCoGli/ParCoGli.srcs/sources_1/new/SumTotalN.vhd:75]
INFO: [Synth 8-3491] module 'SumTot1Bit' declared at 'C:/Users/user2/Desktop/Version3ConMedias/PFA/ParCoGli/ParCoGli.srcs/sources_1/new/SumadorTotal.vhd:34' bound to instance 'C_int' of component 'SumTot1Bit' [C:/Users/user2/Desktop/Version3ConMedias/PFA/ParCoGli/ParCoGli.srcs/sources_1/new/SumTotalN.vhd:75]
INFO: [Synth 8-3491] module 'SumTot1Bit' declared at 'C:/Users/user2/Desktop/Version3ConMedias/PFA/ParCoGli/ParCoGli.srcs/sources_1/new/SumadorTotal.vhd:34' bound to instance 'C_int' of component 'SumTot1Bit' [C:/Users/user2/Desktop/Version3ConMedias/PFA/ParCoGli/ParCoGli.srcs/sources_1/new/SumTotalN.vhd:75]
INFO: [Synth 8-3491] module 'SumTot1Bit' declared at 'C:/Users/user2/Desktop/Version3ConMedias/PFA/ParCoGli/ParCoGli.srcs/sources_1/new/SumadorTotal.vhd:34' bound to instance 'C_int' of component 'SumTot1Bit' [C:/Users/user2/Desktop/Version3ConMedias/PFA/ParCoGli/ParCoGli.srcs/sources_1/new/SumTotalN.vhd:75]
INFO: [Synth 8-3491] module 'SumTot1Bit' declared at 'C:/Users/user2/Desktop/Version3ConMedias/PFA/ParCoGli/ParCoGli.srcs/sources_1/new/SumadorTotal.vhd:34' bound to instance 'C_fin' of component 'SumTot1Bit' [C:/Users/user2/Desktop/Version3ConMedias/PFA/ParCoGli/ParCoGli.srcs/sources_1/new/SumTotalN.vhd:77]
INFO: [Synth 8-256] done synthesizing module 'SumToN__parameterized2' (6#1) [C:/Users/user2/Desktop/Version3ConMedias/PFA/ParCoGli/ParCoGli.srcs/sources_1/new/SumTotalN.vhd:65]
	Parameter N bound to: 9 - type: integer 
INFO: [Synth 8-3491] module 'SumToN' declared at 'C:/Users/user2/Desktop/Version3ConMedias/PFA/ParCoGli/ParCoGli.srcs/sources_1/new/SumTotalN.vhd:58' bound to instance 'SumadorSistema3' of component 'SumToN' [C:/Users/user2/Desktop/Version3ConMedias/PFA/ParCoGli/ParCoGli.srcs/sources_1/new/ParCoGli.vhd:231]
	Parameter N bound to: 9 - type: integer 
INFO: [Synth 8-3491] module 'SumToN' declared at 'C:/Users/user2/Desktop/Version3ConMedias/PFA/ParCoGli/ParCoGli.srcs/sources_1/new/SumTotalN.vhd:58' bound to instance 'SumadorSistema4' of component 'SumToN' [C:/Users/user2/Desktop/Version3ConMedias/PFA/ParCoGli/ParCoGli.srcs/sources_1/new/ParCoGli.vhd:232]
	Parameter N bound to: 10 - type: integer 
INFO: [Synth 8-3491] module 'SumToN' declared at 'C:/Users/user2/Desktop/Version3ConMedias/PFA/ParCoGli/ParCoGli.srcs/sources_1/new/SumTotalN.vhd:58' bound to instance 'Media2' of component 'SumToN' [C:/Users/user2/Desktop/Version3ConMedias/PFA/ParCoGli/ParCoGli.srcs/sources_1/new/ParCoGli.vhd:233]
INFO: [Synth 8-226] default block is never used [C:/Users/user2/Desktop/Version3ConMedias/PFA/ParCoGli/ParCoGli.srcs/sources_1/new/ParCoGli.vhd:250]
INFO: [Synth 8-256] done synthesizing module 'ParCoGli' (7#1) [C:/Users/user2/Desktop/Version3ConMedias/PFA/ParCoGli/ParCoGli.srcs/sources_1/new/ParCoGli.vhd:51]
---------------------------------------------------------------------------------
Finished RTL Elaboration : Time (s): cpu = 00:00:07 ; elapsed = 00:00:09 . Memory (MB): peak = 1785.320 ; gain = 216.547
---------------------------------------------------------------------------------
---------------------------------------------------------------------------------
Start Handling Custom Attributes
---------------------------------------------------------------------------------
---------------------------------------------------------------------------------
Finished Handling Custom Attributes : Time (s): cpu = 00:00:08 ; elapsed = 00:00:09 . Memory (MB): peak = 1785.320 ; gain = 216.547
---------------------------------------------------------------------------------
---------------------------------------------------------------------------------
Finished RTL Optimization Phase 1 : Time (s): cpu = 00:00:08 ; elapsed = 00:00:09 . Memory (MB): peak = 1785.320 ; gain = 216.547
---------------------------------------------------------------------------------
INFO: [Project 1-454] Reading design checkpoint 'c:/Users/user2/Desktop/Version3ConMedias/PFA/ParCoGli/ParCoGli.gen/sources_1/ip/xadc_wiz_0/xadc_wiz_0.dcp' for cell 'uut'
Netlist sorting complete. Time (s): cpu = 00:00:00 ; elapsed = 00:00:00.018 . Memory (MB): peak = 1804.516 ; gain = 0.000
INFO: [Netlist 29-17] Analyzing 1 Unisim elements for replacement
INFO: [Netlist 29-28] Unisim Transformation completed in 0 CPU seconds
INFO: [Project 1-479] Netlist was created with Vivado 2021.2
INFO: [Project 1-570] Preparing netlist for logic optimization

Processing XDC Constraints
Initializing timing engine
Parsing XDC File [c:/Users/user2/Desktop/Version3ConMedias/PFA/ParCoGli/ParCoGli.gen/sources_1/ip/xadc_wiz_0/xadc_wiz_0.xdc] for cell 'uut/U0'
Finished Parsing XDC File [c:/Users/user2/Desktop/Version3ConMedias/PFA/ParCoGli/ParCoGli.gen/sources_1/ip/xadc_wiz_0/xadc_wiz_0.xdc] for cell 'uut/U0'
Parsing XDC File [C:/Users/user2/Desktop/Version3ConMedias/PFA/ParCoGli/ParCoGli.srcs/constrs_1/imports/Tutorial/Basys3_Master.xdc]
Finished Parsing XDC File [C:/Users/user2/Desktop/Version3ConMedias/PFA/ParCoGli/ParCoGli.srcs/constrs_1/imports/Tutorial/Basys3_Master.xdc]
Completed Processing XDC Constraints

Netlist sorting complete. Time (s): cpu = 00:00:00 ; elapsed = 00:00:00.001 . Memory (MB): peak = 1933.121 ; gain = 0.000
INFO: [Project 1-111] Unisim Transformation Summary:
No Unisim elements were transformed.

RTL Elaboration Complete:  : Time (s): cpu = 00:00:22 ; elapsed = 00:00:18 . Memory (MB): peak = 1978.070 ; gain = 409.297
68 Infos, 2 Warnings, 0 Critical Warnings and 0 Errors encountered.
synth_design completed successfully
synth_design: Time (s): cpu = 00:00:28 ; elapsed = 00:00:30 . Memory (MB): peak = 1978.070 ; gain = 409.297
reset_run synth_1
INFO: [Project 1-1161] Replacing file C:/Users/user2/Desktop/Version3ConMedias/PFA/ParCoGli/ParCoGli.srcs/utils_1/imports/synth_1/ParCoGli.dcp with file C:/Users/user2/Desktop/Version3ConMedias/PFA/ParCoGli/ParCoGli.runs/synth_1/ParCoGli.dcp
launch_runs synth_1 -jobs 2
[Thu May 12 17:59:40 2022] Launched synth_1...
Run output will be captured here: C:/Users/user2/Desktop/Version3ConMedias/PFA/ParCoGli/ParCoGli.runs/synth_1/runme.log
launch_runs impl_1 -jobs 2
[Thu May 12 18:01:26 2022] Launched impl_1...
Run output will be captured here: C:/Users/user2/Desktop/Version3ConMedias/PFA/ParCoGli/ParCoGli.runs/impl_1/runme.log
launch_runs impl_1 -to_step write_bitstream -jobs 2
[Thu May 12 18:02:50 2022] Launched impl_1...
Run output will be captured here: C:/Users/user2/Desktop/Version3ConMedias/PFA/ParCoGli/ParCoGli.runs/impl_1/runme.log
open_hw_manager
connect_hw_server -allow_non_jtag
INFO: [Labtools 27-2285] Connecting to hw_server url TCP:localhost:3121
INFO: [Labtools 27-2222] Launching hw_server...
INFO: [Labtools 27-2221] Launch Output:

****** Xilinx hw_server v2021.2
  **** Build date : Oct 19 2021 at 03:13:30
    ** Copyright 1986-2021 Xilinx, Inc. All Rights Reserved.


INFO: [Labtools 27-3415] Connecting to cs_server url TCP:localhost:3042
INFO: [Labtools 27-3417] Launching cs_server...
INFO: [Labtools 27-2221] Launch Output:


******** Xilinx cs_server v2021.2.0
  ****** Build date   : Sep 27 2021-23:44:20
    **** Build number : 2021.2.1632779060
      ** Copyright 2017-2022 Xilinx, Inc. All Rights Reserved.



connect_hw_server: Time (s): cpu = 00:00:01 ; elapsed = 00:00:11 . Memory (MB): peak = 2024.438 ; gain = 18.152
open_hw_target
INFO: [Labtoolstcl 44-466] Opening hw_target localhost:3121/xilinx_tcf/Digilent/210183A8A76AA
open_hw_target: Time (s): cpu = 00:00:07 ; elapsed = 00:00:07 . Memory (MB): peak = 3777.223 ; gain = 1752.785
set_property PROGRAM.FILE {C:/Users/user2/Desktop/Version3ConMedias/PFA/ParCoGli/ParCoGli.runs/impl_1/ParCoGli.bit} [get_hw_devices xc7a35t_0]
current_hw_device [get_hw_devices xc7a35t_0]
refresh_hw_device -update_hw_probes false [lindex [get_hw_devices xc7a35t_0] 0]
INFO: [Labtools 27-1435] Device xc7a35t (JTAG device index = 0) is not programmed (DONE status = 0).
set_property PROBES.FILE {} [get_hw_devices xc7a35t_0]
set_property FULL_PROBES.FILE {} [get_hw_devices xc7a35t_0]
set_property PROGRAM.FILE {C:/Users/user2/Desktop/Version3ConMedias/PFA/ParCoGli/ParCoGli.runs/impl_1/ParCoGli.bit} [get_hw_devices xc7a35t_0]
program_hw_devices [get_hw_devices xc7a35t_0]
INFO: [Labtools 27-3164] End of startup status: HIGH
refresh_hw_device [lindex [get_hw_devices xc7a35t_0] 0]
INFO: [Labtools 27-1434] Device xc7a35t (JTAG device index = 0) is programmed with a design that has no supported debug core(s) in it.
set_property PROBES.FILE {} [get_hw_devices xc7a35t_0]
set_property FULL_PROBES.FILE {} [get_hw_devices xc7a35t_0]
set_property PROGRAM.FILE {C:/Users/user2/Desktop/Version3ConMedias/PFA/ParCoGli/ParCoGli.runs/impl_1/ParCoGli.bit} [get_hw_devices xc7a35t_0]
program_hw_devices [get_hw_devices xc7a35t_0]
INFO: [Labtools 27-3164] End of startup status: HIGH
refresh_hw_device [lindex [get_hw_devices xc7a35t_0] 0]
INFO: [Labtools 27-1434] Device xc7a35t (JTAG device index = 0) is programmed with a design that has no supported debug core(s) in it.
set_property PROBES.FILE {} [get_hw_devices xc7a35t_0]
set_property FULL_PROBES.FILE {} [get_hw_devices xc7a35t_0]
set_property PROGRAM.FILE {C:/Users/user2/Desktop/Version3ConMedias/PFA/ParCoGli/ParCoGli.runs/impl_1/ParCoGli.bit} [get_hw_devices xc7a35t_0]
program_hw_devices [get_hw_devices xc7a35t_0]
INFO: [Labtools 27-3164] End of startup status: HIGH
refresh_hw_device [lindex [get_hw_devices xc7a35t_0] 0]
INFO: [Labtools 27-1434] Device xc7a35t (JTAG device index = 0) is programmed with a design that has no supported debug core(s) in it.
reset_run synth_1
INFO: [Project 1-1161] Replacing file C:/Users/user2/Desktop/Version3ConMedias/PFA/ParCoGli/ParCoGli.srcs/utils_1/imports/synth_1/ParCoGli.dcp with file C:/Users/user2/Desktop/Version3ConMedias/PFA/ParCoGli/ParCoGli.runs/synth_1/ParCoGli.dcp
launch_runs synth_1 -jobs 2
[Thu May 12 17:26:49 2022] Launched synth_1...
Run output will be captured here: C:/Users/user2/Desktop/Version3ConMedias/PFA/ParCoGli/ParCoGli.runs/synth_1/runme.log
launch_runs impl_1 -jobs 2
[Thu May 12 17:28:32 2022] Launched impl_1...
Run output will be captured here: C:/Users/user2/Desktop/Version3ConMedias/PFA/ParCoGli/ParCoGli.runs/impl_1/runme.log
launch_runs impl_1 -to_step write_bitstream -jobs 2
[Thu May 12 17:29:55 2022] Launched impl_1...
Run output will be captured here: C:/Users/user2/Desktop/Version3ConMedias/PFA/ParCoGli/ParCoGli.runs/impl_1/runme.log
set_property PROBES.FILE {} [get_hw_devices xc7a35t_0]
set_property FULL_PROBES.FILE {} [get_hw_devices xc7a35t_0]
set_property PROGRAM.FILE {C:/Users/user2/Desktop/Version3ConMedias/PFA/ParCoGli/ParCoGli.runs/impl_1/ParCoGli.bit} [get_hw_devices xc7a35t_0]
program_hw_devices [get_hw_devices xc7a35t_0]
INFO: [Labtools 27-3164] End of startup status: HIGH
refresh_hw_device [lindex [get_hw_devices xc7a35t_0] 0]
INFO: [Labtools 27-1434] Device xc7a35t (JTAG device index = 0) is programmed with a design that has no supported debug core(s) in it.
exit
INFO: [Common 17-206] Exiting Vivado at Thu May 12 18:24:12 2022...
