Copyright 1986-2021 Xilinx, Inc. All Rights Reserved.
-------------------------------------------------------------------------------------
| Tool Version : Vivado v.2021.2 (win64) Build 3367213 Tue Oct 19 02:48:09 MDT 2021
| Date         : Thu Apr 28 16:56:58 2022
| Host         : LAPTOP-9GJB53N6 running 64-bit major release  (build 9200)
| Command      : report_control_sets -verbose -file ParCoGli_control_sets_placed.rpt
| Design       : ParCoGli
| Device       : xc7a35t
-------------------------------------------------------------------------------------

Control Set Information

Table of Contents
-----------------
1. Summary
2. Histogram
3. Flip-Flop Distribution
4. Detailed Control Set Information

1. Summary
----------

+----------------------------------------------------------+-------+
|                          Status                          | Count |
+----------------------------------------------------------+-------+
| Total control sets                                       |    12 |
|    Minimum number of control sets                        |    12 |
|    Addition due to synthesis replication                 |     0 |
|    Addition due to physical synthesis replication        |     0 |
| Unused register locations in slices containing registers |    23 |
+----------------------------------------------------------+-------+
* Control sets can be merged at opt_design using control_set_merge or merge_equivalent_drivers
** Run report_qor_suggestions for automated merging and remapping suggestions


2. Histogram
------------

+--------------------+-------+
|       Fanout       | Count |
+--------------------+-------+
| Total control sets |    12 |
| >= 0 to < 4        |     1 |
| >= 4 to < 6        |     1 |
| >= 6 to < 8        |     1 |
| >= 8 to < 10       |     0 |
| >= 10 to < 12      |     0 |
| >= 12 to < 14      |     2 |
| >= 14 to < 16      |     0 |
| >= 16              |     7 |
+--------------------+-------+
* Control sets can be remapped at either synth_design or opt_design


3. Flip-Flop Distribution
-------------------------

+--------------+-----------------------+------------------------+-----------------+--------------+
| Clock Enable | Synchronous Set/Reset | Asynchronous Set/Reset | Total Registers | Total Slices |
+--------------+-----------------------+------------------------+-----------------+--------------+
| No           | No                    | No                     |              34 |           14 |
| No           | No                    | Yes                    |               0 |            0 |
| No           | Yes                   | No                     |              33 |            9 |
| Yes          | No                    | No                     |              32 |            8 |
| Yes          | No                    | Yes                    |               0 |            0 |
| Yes          | Yes                   | No                     |             158 |           40 |
+--------------+-----------------------+------------------------+-----------------+--------------+


4. Detailed Control Set Information
-----------------------------------

+--------------------------------+------------------------------------+-------------------------------------+------------------+----------------+--------------+
|          Clock Signal          |            Enable Signal           |           Set/Reset Signal          | Slice Load Count | Bel Load Count | Bels / Slice |
+--------------------------------+------------------------------------+-------------------------------------+------------------+----------------+--------------+
|  nivelGlucosa__0               |                                    | nivelInsulina_reg[15]_i_1_n_0       |                1 |              1 |         1.00 |
|  nivelGlucemicoPrevio__0       |                                    |                                     |                2 |              4 |         2.00 |
|  clk_IBUF_BUFG                 |                                    |                                     |                5 |              6 |         1.20 |
|  nivelGlucosa__0               |                                    |                                     |                3 |             12 |         4.00 |
|  nivelInsulina_reg[15]_i_1_n_0 |                                    |                                     |                4 |             12 |         3.00 |
|  clk_IBUF_BUFG                 | tiempoinyectoInsLispro[31]_i_2_n_0 | tiempoinyectoInsLispro[31]_i_1_n_0  |                8 |             30 |         3.75 |
|  clk_IBUF_BUFG                 |                                    | leoGlucosaOInsulina0                |                8 |             32 |         4.00 |
|  clk_IBUF_BUFG                 | tiempoinyectoInsGlargina           | tiempoinyectoInsGlargina[0]_i_1_n_0 |                8 |             32 |         4.00 |
|  clk_IBUF_BUFG                 | nivelGlucemico[1]                  | Buzzy/divisor[0]_i_1_n_0            |                8 |             32 |         4.00 |
|  clk_IBUF_BUFG                 | leoGlucosaOInsulina0               | leoGlucosaOInsulina                 |                8 |             32 |         4.00 |
|  clk_IBUF_BUFG                 | leoGlucosaOInsulina0               | segundos                            |                8 |             32 |         4.00 |
|  clk_IBUF_BUFG                 | tiempoinyectoGlucosa[0]_i_1_n_0    |                                     |                8 |             32 |         4.00 |
+--------------------------------+------------------------------------+-------------------------------------+------------------+----------------+--------------+


